<?xml version="1.0" encoding="UTF-8" ?>
<testsuite tests="19" failures="0" name="Test_Matrix_2x2_double" time="0.018" errors="0" skipped="0">
  <properties>
[...]
</properties>
  <testcase classname="Test_Matrix_2x2_double" name="testIsDiagonal" time="0.008"/>
  <testcase classname="Test_Matrix_2x2_double" name="testDivideUsingMultiplyAndIsEqual" time="0"/>
  <testcase classname="Test_Matrix_2x2_double" name="testMultiplyUsingIsEqual" time="0"/>
  <testcase classname="Test_Matrix_2x2_double" name="testInvertUsingMultiplyAndIdentity" time="0"/>
  <testcase classname="Test_Matrix_2x2_double" name="testIsIdentity" time="0"/>
  <testcase classname="Test_Matrix_2x2_double" name="testMultiplyElementwise" time="0"/>
  <testcase classname="Test_Matrix_2x2_double" name="testSpur" time="0.003"/>
  <testcase classname="Test_Matrix_2x2_double" name="testTransposeUsingIsEqual" time="0"/>
  <testcase classname="Test_Matrix_2x2_double" name="testIsSingular" time="0"/>
  <testcase classname="Test_Matrix_2x2_double" name="testIsUpperTriangular" time="0"/>
  <testcase classname="Test_Matrix_2x2_double" name="testDeterminant" time="0"/>
  <testcase classname="Test_Matrix_2x2_double" name="testSymmetricPartAndAntisymmetricPartUsingAddElementwiseAndIsEqual" time="0.001"/>
  <testcase classname="Test_Matrix_2x2_double" name="testIsOrthogonal" time="0"/>
  <testcase classname="Test_Matrix_2x2_double" name="testAddElementwiseUsingIsEqual" time="0"/>
  <testcase classname="Test_Matrix_2x2_double" name="testIsSymmetric" time="0"/>
  <testcase classname="Test_Matrix_2x2_double" name="testMultiplyWithScalarUsingIsEqual" time="0.001"/>
  <testcase classname="Test_Matrix_2x2_double" name="testIsLowerTriangular" time="0"/>
  <testcase classname="Test_Matrix_2x2_double" name="testSizeRowsColumnsGetElement" time="0"/>
  <testcase classname="Test_Matrix_2x2_double" name="testConstructorsAndIsEqual" time="0.005"/>
</testsuite>